<?xml version="1.0" encoding="UTF-8"?>
<testsuite xmlns:xsi="http://www.w3.org/2001/XMLSchema-instance" xsi:noNamespaceSchemaLocation="https://maven.apache.org/surefire/maven-surefire-plugin/xsd/surefire-test-report-3.0.xsd" version="3.0" name="TestRunner" time="3.672" tests="16" errors="0" skipped="0" failures="8">
  <properties>
[...]
</properties>
  <testcase name="Hoover moves within bounds without any dirt patches" classname="Hoover navigation and cleaning" time="2.415">
    <failure message="expected: &lt;0&gt; but was: &lt;1&gt;" type="org.opentest4j.AssertionFailedError"><![CDATA[org.opentest4j.AssertionFailedError: expected: <0> but was: <1>
	at stepDefinitions.HooverStepDefinitions.the_hoover_should_have_cleaned_patch_of_dirt(HooverStepDefinitions.java:69)
	at ✽.the hoover should have cleaned 0 patches of dirt(file:///C:/Users/Elaman/OneDrive/Desktop/JAVA/untitled1/src/test/resources/features/hoover.feature:11)
]]></failure>
    <system-out><![CDATA[Response Body: {"coords":[4,2],"patches":1}
]]></system-out>
  </testcase>
  <testcase name="Hoover stays still with no instructions and no dirt patches" classname="Hoover navigation and cleaning" time="0.059">
    <system-out><![CDATA[Response Body: {"coords":[1,1],"patches":0}
]]></system-out>
  </testcase>
  <testcase name="Hoover hits the boundary and doesn&apos;t go outside the room" classname="Hoover navigation and cleaning" time="0.051">
    <failure message="expected: &lt;0&gt; but was: &lt;1&gt;" type="org.opentest4j.AssertionFailedError"><![CDATA[org.opentest4j.AssertionFailedError: expected: <0> but was: <1>
	at stepDefinitions.HooverStepDefinitions.the_hoover_should_have_cleaned_patch_of_dirt(HooverStepDefinitions.java:69)
	at ✽.the hoover should have cleaned 0 patches of dirt(file:///C:/Users/Elaman/OneDrive/Desktop/JAVA/untitled1/src/test/resources/features/hoover.feature:29)
]]></failure>
    <system-out><![CDATA[Response Body: {"coords":[2,2],"patches":1}
]]></system-out>
  </testcase>
  <testcase name="Hoover moves with long instructions and no dirt patches" classname="Hoover navigation and cleaning" time="0.053">
    <system-out><![CDATA[Response Body: {"coords":[5,5],"patches":0}
]]></system-out>
  </testcase>
  <testcase name="Hoover moves through an empty room without any dirt patches" classname="Hoover navigation and cleaning" time="0.049">
    <failure message="expected: &lt;0&gt; but was: &lt;10&gt;" type="org.opentest4j.AssertionFailedError"><![CDATA[org.opentest4j.AssertionFailedError: expected: <0> but was: <10>
	at stepDefinitions.HooverStepDefinitions.the_hoover_should_have_cleaned_patch_of_dirt(HooverStepDefinitions.java:69)
	at ✽.the hoover should have cleaned 0 patches of dirt(file:///C:/Users/Elaman/OneDrive/Desktop/JAVA/untitled1/src/test/resources/features/hoover.feature:47)
]]></failure>
    <system-out><![CDATA[Response Body: {"coords":[2,2],"patches":10}
]]></system-out>
  </testcase>
  <testcase name="Hoover receives invalid directions" classname="Hoover navigation and cleaning" time="0.071">
    <system-out><![CDATA[Response Body: 
]]></system-out>
  </testcase>
  <testcase name="Hoover moves within bounds and doesn&apos;t clean any patches" classname="Hoover navigation and cleaning" time="0.058">
    <failure message="expected: &lt;0&gt; but was: &lt;3&gt;" type="org.opentest4j.AssertionFailedError"><![CDATA[org.opentest4j.AssertionFailedError: expected: <0> but was: <3>
	at stepDefinitions.HooverStepDefinitions.the_hoover_should_have_cleaned_patch_of_dirt(HooverStepDefinitions.java:69)
	at ✽.the hoover should have cleaned 0 patches of dirt(file:///C:/Users/Elaman/OneDrive/Desktop/JAVA/untitled1/src/test/resources/features/hoover.feature:66)
]]></failure>
    <system-out><![CDATA[Response Body: {"coords":[1,0],"patches":3}
]]></system-out>
  </testcase>
  <testcase name="Hoover starts on a dirt patch and cleans it immediately" classname="Hoover navigation and cleaning" time="0.05">
    <system-out><![CDATA[Response Body: {"coords":[2,3],"patches":1}
]]></system-out>
  </testcase>
  <testcase name="Hoover starts outside the room" classname="Hoover navigation and cleaning" time="0.042">
    <failure message="1 expectation failed.&#10;Expected status code &lt;400&gt; but was &lt;200&gt;.&#10;" type="java.lang.AssertionError"><![CDATA[java.lang.AssertionError: 
1 expectation failed.
Expected status code <400> but was <200>.

	at java.base/java.lang.reflect.Constructor.newInstance(Constructor.java:490)
	at org.codehaus.groovy.reflection.CachedConstructor.invoke(CachedConstructor.java:72)
	at org.codehaus.groovy.reflection.CachedConstructor.doConstructorInvoke(CachedConstructor.java:59)
	at org.codehaus.groovy.runtime.callsite.ConstructorSite$ConstructorSiteNoUnwrap.callConstructor(ConstructorSite.java:84)
	at org.codehaus.groovy.runtime.callsite.CallSiteArray.defaultCallConstructor(CallSiteArray.java:59)
	at org.codehaus.groovy.runtime.callsite.AbstractCallSite.callConstructor(AbstractCallSite.java:263)
	at org.codehaus.groovy.runtime.callsite.AbstractCallSite.callConstructor(AbstractCallSite.java:277)
	at io.restassured.internal.ResponseSpecificationImpl$HamcrestAssertionClosure.validate(ResponseSpecificationImpl.groovy:493)
	at io.restassured.internal.ResponseSpecificationImpl$HamcrestAssertionClosure$validate$1.call(Unknown Source)
	at io.restassured.internal.ResponseSpecificationImpl.validateResponseIfRequired(ResponseSpecificationImpl.groovy:674)
	at java.base/java.lang.reflect.Method.invoke(Method.java:566)
	at org.codehaus.groovy.runtime.callsite.PlainObjectMetaMethodSite.doInvoke(PlainObjectMetaMethodSite.java:43)
	at org.codehaus.groovy.runtime.callsite.PogoMetaMethodSite$PogoCachedMethodSiteNoUnwrapNoCoerce.invoke(PogoMetaMethodSite.java:193)
	at org.codehaus.groovy.runtime.callsite.PogoMetaMethodSite.callCurrent(PogoMetaMethodSite.java:61)
	at org.codehaus.groovy.runtime.callsite.AbstractCallSite.callCurrent(AbstractCallSite.java:185)
	at io.restassured.internal.ResponseSpecificationImpl.statusCode(ResponseSpecificationImpl.groovy:126)
	at io.restassured.specification.ResponseSpecification$statusCode$0.callCurrent(Unknown Source)
	at io.restassured.internal.ResponseSpecificationImpl.statusCode(ResponseSpecificationImpl.groovy:134)
	at io.restassured.internal.ValidatableResponseOptionsImpl.statusCode(ValidatableResponseOptionsImpl.java:89)
	at io.restassured.internal.ValidatableResponseImpl.super$2$statusCode(ValidatableResponseImpl.groovy)
	at java.base/java.lang.reflect.Method.invoke(Method.java:566)
	at org.codehaus.groovy.reflection.CachedMethod.invoke(CachedMethod.java:107)
	at groovy.lang.MetaMethod.doMethodInvoke(MetaMethod.java:323)
	at groovy.lang.MetaClassImpl.invokeMethod(MetaClassImpl.java:1268)
	at org.codehaus.groovy.runtime.ScriptBytecodeAdapter.invokeMethodOnSuperN(ScriptBytecodeAdapter.java:144)
	at io.restassured.internal.ValidatableResponseImpl.statusCode(ValidatableResponseImpl.groovy:142)
	at io.restassured.internal.ValidatableResponseImpl.statusCode(ValidatableResponseImpl.groovy)
	at stepDefinitions.HooverStepDefinitions.the_system_should_return_an_error(HooverStepDefinitions.java:42)
	at ✽.the system should return an error(file:///C:/Users/Elaman/OneDrive/Desktop/JAVA/untitled1/src/test/resources/features/hoover.feature:85)
]]></failure>
    <system-out><![CDATA[Response Body: {"coords":[6,6],"patches":1}
]]></system-out>
  </testcase>
  <testcase name="Hoover does not receive any movement instructions" classname="Hoover navigation and cleaning" time="0.05">
    <system-out><![CDATA[Response Body: {"coords":[1,1],"patches":0}
]]></system-out>
  </testcase>
  <testcase name="Hoover receives a single instruction" classname="Hoover navigation and cleaning" time="0.043">
    <system-out><![CDATA[Response Body: {"coords":[2,3],"patches":1}
]]></system-out>
  </testcase>
  <testcase name="Hoover encounters multiple dirt patches at the same location but cleans only once" classname="Hoover navigation and cleaning" time="0.053">
    <failure message="expected: &lt;1&gt; but was: &lt;2&gt;" type="org.opentest4j.AssertionFailedError"><![CDATA[org.opentest4j.AssertionFailedError: expected: <1> but was: <2>
	at stepDefinitions.HooverStepDefinitions.the_hoover_should_have_cleaned_patch_of_dirt(HooverStepDefinitions.java:69)
	at ✽.the hoover should have cleaned 1 patches of dirt(file:///C:/Users/Elaman/OneDrive/Desktop/JAVA/untitled1/src/test/resources/features/hoover.feature:117)
]]></failure>
    <system-out><![CDATA[Response Body: {"coords":[1,1],"patches":2}
]]></system-out>
  </testcase>
  <testcase name="Hoover starts on a dirt patch but doesn&apos;t clean it" classname="Hoover navigation and cleaning" time="0.055">
    <failure message="expected: &lt;0&gt; but was: &lt;1&gt;" type="org.opentest4j.AssertionFailedError"><![CDATA[org.opentest4j.AssertionFailedError: expected: <0> but was: <1>
	at stepDefinitions.HooverStepDefinitions.the_hoover_should_have_cleaned_patch_of_dirt(HooverStepDefinitions.java:69)
	at ✽.the hoover should have cleaned 0 patches of dirt(file:///C:/Users/Elaman/OneDrive/Desktop/JAVA/untitled1/src/test/resources/features/hoover.feature:128)
]]></failure>
    <system-out><![CDATA[Response Body: {"coords":[1,2],"patches":1}
]]></system-out>
  </testcase>
  <testcase name="Clean dirt patches and reach the final position" classname="Hoover navigation and cleaning" time="0.054">
    <system-out><![CDATA[Response Body: {"coords":[1,3],"patches":1}
]]></system-out>
  </testcase>
  <testcase name="Hoover in a large room with many dirt patches" classname="Hoover navigation and cleaning" time="0.049">
    <system-out><![CDATA[Response Body: {"coords":[8,8],"patches":3}
]]></system-out>
  </testcase>
  <testcase name="Hoover moves within bounds and clean all patches" classname="Hoover navigation and cleaning" time="0.076">
    <failure message="expected: &lt;9&gt; but was: &lt;8&gt;" type="org.opentest4j.AssertionFailedError"><![CDATA[org.opentest4j.AssertionFailedError: expected: <9> but was: <8>
	at stepDefinitions.HooverStepDefinitions.the_hoover_should_have_cleaned_patch_of_dirt(HooverStepDefinitions.java:69)
	at ✽.the hoover should have cleaned 9 patches of dirt(file:///C:/Users/Elaman/OneDrive/Desktop/JAVA/untitled1/src/test/resources/features/hoover.feature:170)
]]></failure>
    <system-out><![CDATA[Response Body: {"coords":[2,2],"patches":8}
]]></system-out>
  </testcase>
</testsuite>