-------------------------------------------------------------------------------
Test set: TestRunner
-------------------------------------------------------------------------------
Tests run: 16, Failures: 8, Errors: 0, Skipped: 0, Time elapsed: 3.672 s <<< FAILURE! -- in TestRunner
Hoover navigation and cleaning.Hoover moves within bounds without any dirt patches -- Time elapsed: 2.415 s <<< FAILURE!
org.opentest4j.AssertionFailedError: expected: <0> but was: <1>
	at stepDefinitions.HooverStepDefinitions.the_hoover_should_have_cleaned_patch_of_dirt(HooverStepDefinitions.java:69)
	at ✽.the hoover should have cleaned 0 patches of dirt(file:///C:/Users/Elaman/OneDrive/Desktop/JAVA/untitled1/src/test/resources/features/hoover.feature:11)

Hoover navigation and cleaning.Hoover hits the boundary and doesn't go outside the room -- Time elapsed: 0.051 s <<< FAILURE!
org.opentest4j.AssertionFailedError: expected: <0> but was: <1>
	at stepDefinitions.HooverStepDefinitions.the_hoover_should_have_cleaned_patch_of_dirt(HooverStepDefinitions.java:69)
	at ✽.the hoover should have cleaned 0 patches of dirt(file:///C:/Users/Elaman/OneDrive/Desktop/JAVA/untitled1/src/test/resources/features/hoover.feature:29)

Hoover navigation and cleaning.Hoover moves through an empty room without any dirt patches -- Time elapsed: 0.049 s <<< FAILURE!
org.opentest4j.AssertionFailedError: expected: <0> but was: <10>
	at stepDefinitions.HooverStepDefinitions.the_hoover_should_have_cleaned_patch_of_dirt(HooverStepDefinitions.java:69)
	at ✽.the hoover should have cleaned 0 patches of dirt(file:///C:/Users/Elaman/OneDrive/Desktop/JAVA/untitled1/src/test/resources/features/hoover.feature:47)

Hoover navigation and cleaning.Hoover moves within bounds and doesn't clean any patches -- Time elapsed: 0.058 s <<< FAILURE!
org.opentest4j.AssertionFailedError: expected: <0> but was: <3>
	at stepDefinitions.HooverStepDefinitions.the_hoover_should_have_cleaned_patch_of_dirt(HooverStepDefinitions.java:69)
	at ✽.the hoover should have cleaned 0 patches of dirt(file:///C:/Users/Elaman/OneDrive/Desktop/JAVA/untitled1/src/test/resources/features/hoover.feature:66)

Hoover navigation and cleaning.Hoover starts outside the room -- Time elapsed: 0.042 s <<< FAILURE!
java.lang.AssertionError: 
1 expectation failed.
Expected status code <400> but was <200>.

	at java.base/java.lang.reflect.Constructor.newInstance(Constructor.java:490)
	at org.codehaus.groovy.reflection.CachedConstructor.invoke(CachedConstructor.java:72)
	at org.codehaus.groovy.reflection.CachedConstructor.doConstructorInvoke(CachedConstructor.java:59)
	at org.codehaus.groovy.runtime.callsite.ConstructorSite$ConstructorSiteNoUnwrap.callConstructor(ConstructorSite.java:84)
	at org.codehaus.groovy.runtime.callsite.CallSiteArray.defaultCallConstructor(CallSiteArray.java:59)
	at org.codehaus.groovy.runtime.callsite.AbstractCallSite.callConstructor(AbstractCallSite.java:263)
	at org.codehaus.groovy.runtime.callsite.AbstractCallSite.callConstructor(AbstractCallSite.java:277)
	at io.restassured.internal.ResponseSpecificationImpl$HamcrestAssertionClosure.validate(ResponseSpecificationImpl.groovy:493)
	at io.restassured.internal.ResponseSpecificationImpl$HamcrestAssertionClosure$validate$1.call(Unknown Source)
	at io.restassured.internal.ResponseSpecificationImpl.validateResponseIfRequired(ResponseSpecificationImpl.groovy:674)
	at java.base/java.lang.reflect.Method.invoke(Method.java:566)
	at org.codehaus.groovy.runtime.callsite.PlainObjectMetaMethodSite.doInvoke(PlainObjectMetaMethodSite.java:43)
	at org.codehaus.groovy.runtime.callsite.PogoMetaMethodSite$PogoCachedMethodSiteNoUnwrapNoCoerce.invoke(PogoMetaMethodSite.java:193)
	at org.codehaus.groovy.runtime.callsite.PogoMetaMethodSite.callCurrent(PogoMetaMethodSite.java:61)
	at org.codehaus.groovy.runtime.callsite.AbstractCallSite.callCurrent(AbstractCallSite.java:185)
	at io.restassured.internal.ResponseSpecificationImpl.statusCode(ResponseSpecificationImpl.groovy:126)
	at io.restassured.specification.ResponseSpecification$statusCode$0.callCurrent(Unknown Source)
	at io.restassured.internal.ResponseSpecificationImpl.statusCode(ResponseSpecificationImpl.groovy:134)
	at io.restassured.internal.ValidatableResponseOptionsImpl.statusCode(ValidatableResponseOptionsImpl.java:89)
	at io.restassured.internal.ValidatableResponseImpl.super$2$statusCode(ValidatableResponseImpl.groovy)
	at java.base/java.lang.reflect.Method.invoke(Method.java:566)
	at org.codehaus.groovy.reflection.CachedMethod.invoke(CachedMethod.java:107)
	at groovy.lang.MetaMethod.doMethodInvoke(MetaMethod.java:323)
	at groovy.lang.MetaClassImpl.invokeMethod(MetaClassImpl.java:1268)
	at org.codehaus.groovy.runtime.ScriptBytecodeAdapter.invokeMethodOnSuperN(ScriptBytecodeAdapter.java:144)
	at io.restassured.internal.ValidatableResponseImpl.statusCode(ValidatableResponseImpl.groovy:142)
	at io.restassured.internal.ValidatableResponseImpl.statusCode(ValidatableResponseImpl.groovy)
	at stepDefinitions.HooverStepDefinitions.the_system_should_return_an_error(HooverStepDefinitions.java:42)
	at ✽.the system should return an error(file:///C:/Users/Elaman/OneDrive/Desktop/JAVA/untitled1/src/test/resources/features/hoover.feature:85)

Hoover navigation and cleaning.Hoover encounters multiple dirt patches at the same location but cleans only once -- Time elapsed: 0.053 s <<< FAILURE!
org.opentest4j.AssertionFailedError: expected: <1> but was: <2>
	at stepDefinitions.HooverStepDefinitions.the_hoover_should_have_cleaned_patch_of_dirt(HooverStepDefinitions.java:69)
	at ✽.the hoover should have cleaned 1 patches of dirt(file:///C:/Users/Elaman/OneDrive/Desktop/JAVA/untitled1/src/test/resources/features/hoover.feature:117)

Hoover navigation and cleaning.Hoover starts on a dirt patch but doesn't clean it -- Time elapsed: 0.055 s <<< FAILURE!
org.opentest4j.AssertionFailedError: expected: <0> but was: <1>
	at stepDefinitions.HooverStepDefinitions.the_hoover_should_have_cleaned_patch_of_dirt(HooverStepDefinitions.java:69)
	at ✽.the hoover should have cleaned 0 patches of dirt(file:///C:/Users/Elaman/OneDrive/Desktop/JAVA/untitled1/src/test/resources/features/hoover.feature:128)

Hoover navigation and cleaning.Hoover moves within bounds and clean all patches -- Time elapsed: 0.076 s <<< FAILURE!
org.opentest4j.AssertionFailedError: expected: <9> but was: <8>
	at stepDefinitions.HooverStepDefinitions.the_hoover_should_have_cleaned_patch_of_dirt(HooverStepDefinitions.java:69)
	at ✽.the hoover should have cleaned 9 patches of dirt(file:///C:/Users/Elaman/OneDrive/Desktop/JAVA/untitled1/src/test/resources/features/hoover.feature:170)

