<?xml version="1.0" encoding="UTF-8"?>
<testsuite xmlns:xsi="http://www.w3.org/2001/XMLSchema-instance" xsi:noNamespaceSchemaLocation="https://maven.apache.org/surefire/maven-surefire-plugin/xsd/surefire-test-report-3.0.xsd" version="3.0" name="TestRunner" time="3.672" tests="16" errors="0" skipped="0" failures="8">
  <properties>
    <property name="sun.desktop" value="windows"/>
    <property name="awt.toolkit" value="sun.awt.windows.WToolkit"/>
    <property name="java.specification.version" value="11"/>
    <property name="sun.cpu.isalist" value="amd64"/>
    <property name="sun.jnu.encoding" value="Cp1252"/>
    <property name="java.class.path" value="C:\Users\Elaman\OneDrive\Desktop\JAVA\untitled1\target\test-classes;C:\Users\Elaman\OneDrive\Desktop\JAVA\untitled1\target\classes;C:\Users\Elaman\.m2\repository\io\cucumber\cucumber-java\7.0.0\cucumber-java-7.0.0.jar;C:\Users\Elaman\.m2\repository\io\cucumber\cucumber-core\7.0.0\cucumber-core-7.0.0.jar;C:\Users\Elaman\.m2\repository\io\cucumber\cucumber-gherkin\7.0.0\cucumber-gherkin-7.0.0.jar;C:\Users\Elaman\.m2\repository\io\cucumber\cucumber-gherkin-messages\7.0.0\cucumber-gherkin-messages-7.0.0.jar;C:\Users\Elaman\.m2\repository\io\cucumber\messages\17.1.1\messages-17.1.1.jar;C:\Users\Elaman\.m2\repository\io\cucumber\tag-expressions\4.0.2\tag-expressions-4.0.2.jar;C:\Users\Elaman\.m2\repository\io\cucumber\cucumber-expressions\13.0.1\cucumber-expressions-13.0.1.jar;C:\Users\Elaman\.m2\repository\io\cucumber\datatable\7.0.0\datatable-7.0.0.jar;C:\Users\Elaman\.m2\repository\io\cucumber\cucumber-plugin\7.0.0\cucumber-plugin-7.0.0.jar;C:\Users\Elaman\.m2\repository\io\cucumber\docstring\7.0.0\docstring-7.0.0.jar;C:\Users\Elaman\.m2\repository\io\cucumber\html-formatter\17.0.0\html-formatter-17.0.0.jar;C:\Users\Elaman\.m2\repository\io\cucumber\create-meta\6.0.1\create-meta-6.0.1.jar;C:\Users\Elaman\.m2\repository\org\apiguardian\apiguardian-api\1.1.2\apiguardian-api-1.1.2.jar;C:\Users\Elaman\.m2\repository\io\cucumber\cucumber-junit\7.0.0\cucumber-junit-7.0.0.jar;C:\Users\Elaman\.m2\repository\junit\junit\4.13.2\junit-4.13.2.jar;C:\Users\Elaman\.m2\repository\org\hamcrest\hamcrest-core\1.3\hamcrest-core-1.3.jar;C:\Users\Elaman\.m2\repository\org\junit\jupiter\junit-jupiter-api\5.10.2\junit-jupiter-api-5.10.2.jar;C:\Users\Elaman\.m2\repository\org\opentest4j\opentest4j\1.3.0\opentest4j-1.3.0.jar;C:\Users\Elaman\.m2\repository\org\junit\platform\junit-platform-commons\1.10.2\junit-platform-commons-1.10.2.jar;C:\Users\Elaman\.m2\repository\io\rest-assured\rest-assured\4.3.3\rest-assured-4.3.3.jar;C:\Users\Elaman\.m2\repository\org\codehaus\groovy\groovy\3.0.7\groovy-3.0.7.jar;C:\Users\Elaman\.m2\repository\org\codehaus\groovy\groovy-xml\3.0.7\groovy-xml-3.0.7.jar;C:\Users\Elaman\.m2\repository\org\apache\httpcomponents\httpclient\4.5.3\httpclient-4.5.3.jar;C:\Users\Elaman\.m2\repository\org\apache\httpcomponents\httpcore\4.4.6\httpcore-4.4.6.jar;C:\Users\Elaman\.m2\repository\commons-logging\commons-logging\1.2\commons-logging-1.2.jar;C:\Users\Elaman\.m2\repository\commons-codec\commons-codec\1.9\commons-codec-1.9.jar;C:\Users\Elaman\.m2\repository\org\apache\httpcomponents\httpmime\4.5.3\httpmime-4.5.3.jar;C:\Users\Elaman\.m2\repository\org\hamcrest\hamcrest\2.1\hamcrest-2.1.jar;C:\Users\Elaman\.m2\repository\org\ccil\cowan\tagsoup\tagsoup\1.2.1\tagsoup-1.2.1.jar;C:\Users\Elaman\.m2\repository\io\rest-assured\json-path\4.3.3\json-path-4.3.3.jar;C:\Users\Elaman\.m2\repository\org\codehaus\groovy\groovy-json\3.0.7\groovy-json-3.0.7.jar;C:\Users\Elaman\.m2\repository\io\rest-assured\rest-assured-common\4.3.3\rest-assured-common-4.3.3.jar;C:\Users\Elaman\.m2\repository\io\rest-assured\xml-path\4.3.3\xml-path-4.3.3.jar;C:\Users\Elaman\.m2\repository\org\apache\commons\commons-lang3\3.11\commons-lang3-3.11.jar;C:\Users\Elaman\.m2\repository\jakarta\xml\bind\jakarta.xml.bind-api\2.3.3\jakarta.xml.bind-api-2.3.3.jar;C:\Users\Elaman\.m2\repository\jakarta\activation\jakarta.activation-api\1.2.2\jakarta.activation-api-1.2.2.jar;C:\Users\Elaman\.m2\repository\com\sun\xml\bind\jaxb-impl\2.3.3\jaxb-impl-2.3.3.jar;C:\Users\Elaman\.m2\repository\com\fasterxml\jackson\core\jackson-databind\2.13.4.2\jackson-databind-2.13.4.2.jar;C:\Users\Elaman\.m2\repository\com\fasterxml\jackson\core\jackson-annotations\2.13.4\jackson-annotations-2.13.4.jar;C:\Users\Elaman\.m2\repository\com\fasterxml\jackson\core\jackson-core\2.13.4\jackson-core-2.13.4.jar;C:\Users\Elaman\.m2\repository\com\google\code\gson\gson\2.8.9\gson-2.8.9.jar;"/>
    <property name="java.vm.vendor" value="Oracle Corporation"/>
    <property name="sun.arch.data.model" value="64"/>
    <property name="user.variant" value=""/>
    <property name="java.vendor.url" value="https://openjdk.java.net/"/>
    <property name="user.timezone" value="America/Chicago"/>
    <property name="java.vm.specification.version" value="11"/>
    <property name="os.name" value="Windows 11"/>
    <property name="sun.java.launcher" value="SUN_STANDARD"/>
    <property name="user.country" value="US"/>
    <property name="sun.boot.library.path" value="C:\Program Files\Java\jdk-11\bin"/>
    <property name="sun.java.command" value="C:\Users\Elaman\AppData\Local\Temp\surefire4674700513298345120\surefirebooter-20240911142447870_3.jar C:\Users\Elaman\AppData\Local\Temp\surefire4674700513298345120 2024-09-11T14-24-47_372-jvmRun1 surefire-20240911142447870_1tmp surefire_0-20240911142447870_2tmp"/>
    <property name="jdk.debug" value="release"/>
    <property name="surefire.test.class.path" value="C:\Users\Elaman\OneDrive\Desktop\JAVA\untitled1\target\test-classes;C:\Users\Elaman\OneDrive\Desktop\JAVA\untitled1\target\classes;C:\Users\Elaman\.m2\repository\io\cucumber\cucumber-java\7.0.0\cucumber-java-7.0.0.jar;C:\Users\Elaman\.m2\repository\io\cucumber\cucumber-core\7.0.0\cucumber-core-7.0.0.jar;C:\Users\Elaman\.m2\repository\io\cucumber\cucumber-gherkin\7.0.0\cucumber-gherkin-7.0.0.jar;C:\Users\Elaman\.m2\repository\io\cucumber\cucumber-gherkin-messages\7.0.0\cucumber-gherkin-messages-7.0.0.jar;C:\Users\Elaman\.m2\repository\io\cucumber\messages\17.1.1\messages-17.1.1.jar;C:\Users\Elaman\.m2\repository\io\cucumber\tag-expressions\4.0.2\tag-expressions-4.0.2.jar;C:\Users\Elaman\.m2\repository\io\cucumber\cucumber-expressions\13.0.1\cucumber-expressions-13.0.1.jar;C:\Users\Elaman\.m2\repository\io\cucumber\datatable\7.0.0\datatable-7.0.0.jar;C:\Users\Elaman\.m2\repository\io\cucumber\cucumber-plugin\7.0.0\cucumber-plugin-7.0.0.jar;C:\Users\Elaman\.m2\repository\io\cucumber\docstring\7.0.0\docstring-7.0.0.jar;C:\Users\Elaman\.m2\repository\io\cucumber\html-formatter\17.0.0\html-formatter-17.0.0.jar;C:\Users\Elaman\.m2\repository\io\cucumber\create-meta\6.0.1\create-meta-6.0.1.jar;C:\Users\Elaman\.m2\repository\org\apiguardian\apiguardian-api\1.1.2\apiguardian-api-1.1.2.jar;C:\Users\Elaman\.m2\repository\io\cucumber\cucumber-junit\7.0.0\cucumber-junit-7.0.0.jar;C:\Users\Elaman\.m2\repository\junit\junit\4.13.2\junit-4.13.2.jar;C:\Users\Elaman\.m2\repository\org\hamcrest\hamcrest-core\1.3\hamcrest-core-1.3.jar;C:\Users\Elaman\.m2\repository\org\junit\jupiter\junit-jupiter-api\5.10.2\junit-jupiter-api-5.10.2.jar;C:\Users\Elaman\.m2\repository\org\opentest4j\opentest4j\1.3.0\opentest4j-1.3.0.jar;C:\Users\Elaman\.m2\repository\org\junit\platform\junit-platform-commons\1.10.2\junit-platform-commons-1.10.2.jar;C:\Users\Elaman\.m2\repository\io\rest-assured\rest-assured\4.3.3\rest-assured-4.3.3.jar;C:\Users\Elaman\.m2\repository\org\codehaus\groovy\groovy\3.0.7\groovy-3.0.7.jar;C:\Users\Elaman\.m2\repository\org\codehaus\groovy\groovy-xml\3.0.7\groovy-xml-3.0.7.jar;C:\Users\Elaman\.m2\repository\org\apache\httpcomponents\httpclient\4.5.3\httpclient-4.5.3.jar;C:\Users\Elaman\.m2\repository\org\apache\httpcomponents\httpcore\4.4.6\httpcore-4.4.6.jar;C:\Users\Elaman\.m2\repository\commons-logging\commons-logging\1.2\commons-logging-1.2.jar;C:\Users\Elaman\.m2\repository\commons-codec\commons-codec\1.9\commons-codec-1.9.jar;C:\Users\Elaman\.m2\repository\org\apache\httpcomponents\httpmime\4.5.3\httpmime-4.5.3.jar;C:\Users\Elaman\.m2\repository\org\hamcrest\hamcrest\2.1\hamcrest-2.1.jar;C:\Users\Elaman\.m2\repository\org\ccil\cowan\tagsoup\tagsoup\1.2.1\tagsoup-1.2.1.jar;C:\Users\Elaman\.m2\repository\io\rest-assured\json-path\4.3.3\json-path-4.3.3.jar;C:\Users\Elaman\.m2\repository\org\codehaus\groovy\groovy-json\3.0.7\groovy-json-3.0.7.jar;C:\Users\Elaman\.m2\repository\io\rest-assured\rest-assured-common\4.3.3\rest-assured-common-4.3.3.jar;C:\Users\Elaman\.m2\repository\io\rest-assured\xml-path\4.3.3\xml-path-4.3.3.jar;C:\Users\Elaman\.m2\repository\org\apache\commons\commons-lang3\3.11\commons-lang3-3.11.jar;C:\Users\Elaman\.m2\repository\jakarta\xml\bind\jakarta.xml.bind-api\2.3.3\jakarta.xml.bind-api-2.3.3.jar;C:\Users\Elaman\.m2\repository\jakarta\activation\jakarta.activation-api\1.2.2\jakarta.activation-api-1.2.2.jar;C:\Users\Elaman\.m2\repository\com\sun\xml\bind\jaxb-impl\2.3.3\jaxb-impl-2.3.3.jar;C:\Users\Elaman\.m2\repository\com\fasterxml\jackson\core\jackson-databind\2.13.4.2\jackson-databind-2.13.4.2.jar;C:\Users\Elaman\.m2\repository\com\fasterxml\jackson\core\jackson-annotations\2.13.4\jackson-annotations-2.13.4.jar;C:\Users\Elaman\.m2\repository\com\fasterxml\jackson\core\jackson-core\2.13.4\jackson-core-2.13.4.jar;C:\Users\Elaman\.m2\repository\com\google\code\gson\gson\2.8.9\gson-2.8.9.jar;"/>
    <property name="sun.cpu.endian" value="little"/>
    <property name="user.home" value="C:\Users\Elaman"/>
    <property name="user.language" value="en"/>
    <property name="java.specification.vendor" value="Oracle Corporation"/>
    <property name="java.version.date" value="2024-04-16"/>
    <property name="java.home" value="C:\Program Files\Java\jdk-11"/>
    <property name="file.separator" value="\"/>
    <property name="basedir" value="C:\Users\Elaman\OneDrive\Desktop\JAVA\untitled1"/>
    <property name="java.vm.compressedOopsMode" value="Zero based"/>
    <property name="line.separator" value="&#10;"/>
    <property name="java.specification.name" value="Java Platform API Specification"/>
    <property name="java.vm.specification.vendor" value="Oracle Corporation"/>
    <property name="java.awt.graphicsenv" value="sun.awt.Win32GraphicsEnvironment"/>
    <property name="surefire.real.class.path" value="C:\Users\Elaman\AppData\Local\Temp\surefire4674700513298345120\surefirebooter-20240911142447870_3.jar"/>
    <property name="user.script" value=""/>
    <property name="sun.management.compiler" value="HotSpot 64-Bit Tiered Compilers"/>
    <property name="java.runtime.version" value="11.0.23+7-LTS-222"/>
    <property name="user.name" value="Elaman"/>
    <property name="path.separator" value=";"/>
    <property name="os.version" value="10.0"/>
    <property name="java.runtime.name" value="Java(TM) SE Runtime Environment"/>
    <property name="file.encoding" value="Cp1252"/>
    <property name="java.vm.name" value="Java HotSpot(TM) 64-Bit Server VM"/>
    <property name="java.vendor.version" value="18.9"/>
    <property name="localRepository" value="C:\Users\Elaman\.m2\repository"/>
    <property name="java.vendor.url.bug" value="https://bugreport.java.com/bugreport/"/>
    <property name="java.io.tmpdir" value="C:\Users\Elaman\AppData\Local\Temp\"/>
    <property name="java.version" value="11.0.23"/>
    <property name="user.dir" value="C:\Users\Elaman\OneDrive\Desktop\JAVA\untitled1"/>
    <property name="os.arch" value="amd64"/>
    <property name="java.vm.specification.name" value="Java Virtual Machine Specification"/>
    <property name="java.awt.printerjob" value="sun.awt.windows.WPrinterJob"/>
    <property name="sun.os.patch.level" value=""/>
    <property name="java.library.path" value="C:\Program Files\Java\jdk-11\bin;C:\WINDOWS\Sun\Java\bin;C:\WINDOWS\system32;C:\WINDOWS;C:\Program Files\Git\mingw64\bin;C:\Program Files\Git\usr\bin;C:\Users\Elaman\bin;C:\Program Files\Common Files\Oracle\Java\javapath;C:\Windows\system32;C:\Windows;C:\Windows\System32\Wbem;C:\Windows\System32\WindowsPowerShell\v1.0;C:\Windows\System32\OpenSSH;C:\Program Files (x86)\NVIDIA Corporation\PhysX\Common;C:\Program Files\NVIDIA Corporation\NVIDIA NvDLISR;C:\WINDOWS\system32;C:\WINDOWS;C:\WINDOWS\System32\Wbem;C:\WINDOWS\System32\WindowsPowerShell\v1.0;C:\WINDOWS\System32\OpenSSH;C:\Program Files\Git\cmd;C:\Program Files\nodejs;C:\Users\Elaman\AppData\Local\Android\Sdk\tools\bin;C:\Users\Elaman\AppData\Local\Android\Sdk\tools;C:\Users\Elaman\AppData\Local\Android\Sdk\platform-tools;C:\Program Files\nodejs\node_modules\npm\bin;C:\Users\Elaman\AppData\Roaming\npm;C:\Program Files\apache-maven-3.9.8\bin;C:\Program Files\Docker\Docker\resources\bin;C:\Users\Elaman\AppData\Local\Microsoft\WindowsApps;C:\Users\Elaman\AppData\Local\GitHubDesktop\bin;C:\Users\Elaman\AppData\Local\Programs\Microsoft VS Code\bin;C:\Users\Elaman\AppData\Local\Microsoft\WinGet\Packages\GNU.Nano_Microsoft.Winget.Source_8wekyb3d8bbwe;C:\Users\Elaman\AppData\Roaming\npm;."/>
    <property name="java.vendor" value="Oracle Corporation"/>
    <property name="java.vm.info" value="mixed mode"/>
    <property name="java.vm.version" value="11.0.23+7-LTS-222"/>
    <property name="java.specification.maintenance.version" value="2"/>
    <property name="sun.io.unicode.encoding" value="UnicodeLittle"/>
    <property name="java.class.version" value="55.0"/>
  </properties>
  <testcase name="Hoover moves within bounds without any dirt patches" classname="Hoover navigation and cleaning" time="2.415">
    <failure message="expected: &lt;0&gt; but was: &lt;1&gt;" type="org.opentest4j.AssertionFailedError"><![CDATA[org.opentest4j.AssertionFailedError: expected: <0> but was: <1>
	at stepDefinitions.HooverStepDefinitions.the_hoover_should_have_cleaned_patch_of_dirt(HooverStepDefinitions.java:69)
	at ✽.the hoover should have cleaned 0 patches of dirt(file:///C:/Users/Elaman/OneDrive/Desktop/JAVA/untitled1/src/test/resources/features/hoover.feature:11)
]]></failure>
    <system-out><![CDATA[Response Body: {"coords":[4,2],"patches":1}
]]></system-out>
  </testcase>
  <testcase name="Hoover stays still with no instructions and no dirt patches" classname="Hoover navigation and cleaning" time="0.059">
    <system-out><![CDATA[Response Body: {"coords":[1,1],"patches":0}
]]></system-out>
  </testcase>
  <testcase name="Hoover hits the boundary and doesn&apos;t go outside the room" classname="Hoover navigation and cleaning" time="0.051">
    <failure message="expected: &lt;0&gt; but was: &lt;1&gt;" type="org.opentest4j.AssertionFailedError"><![CDATA[org.opentest4j.AssertionFailedError: expected: <0> but was: <1>
	at stepDefinitions.HooverStepDefinitions.the_hoover_should_have_cleaned_patch_of_dirt(HooverStepDefinitions.java:69)
	at ✽.the hoover should have cleaned 0 patches of dirt(file:///C:/Users/Elaman/OneDrive/Desktop/JAVA/untitled1/src/test/resources/features/hoover.feature:29)
]]></failure>
    <system-out><![CDATA[Response Body: {"coords":[2,2],"patches":1}
]]></system-out>
  </testcase>
  <testcase name="Hoover moves with long instructions and no dirt patches" classname="Hoover navigation and cleaning" time="0.053">
    <system-out><![CDATA[Response Body: {"coords":[5,5],"patches":0}
]]></system-out>
  </testcase>
  <testcase name="Hoover moves through an empty room without any dirt patches" classname="Hoover navigation and cleaning" time="0.049">
    <failure message="expected: &lt;0&gt; but was: &lt;10&gt;" type="org.opentest4j.AssertionFailedError"><![CDATA[org.opentest4j.AssertionFailedError: expected: <0> but was: <10>
	at stepDefinitions.HooverStepDefinitions.the_hoover_should_have_cleaned_patch_of_dirt(HooverStepDefinitions.java:69)
	at ✽.the hoover should have cleaned 0 patches of dirt(file:///C:/Users/Elaman/OneDrive/Desktop/JAVA/untitled1/src/test/resources/features/hoover.feature:47)
]]></failure>
    <system-out><![CDATA[Response Body: {"coords":[2,2],"patches":10}
]]></system-out>
  </testcase>
  <testcase name="Hoover receives invalid directions" classname="Hoover navigation and cleaning" time="0.071">
    <system-out><![CDATA[Response Body: 
]]></system-out>
  </testcase>
  <testcase name="Hoover moves within bounds and doesn&apos;t clean any patches" classname="Hoover navigation and cleaning" time="0.058">
    <failure message="expected: &lt;0&gt; but was: &lt;3&gt;" type="org.opentest4j.AssertionFailedError"><![CDATA[org.opentest4j.AssertionFailedError: expected: <0> but was: <3>
	at stepDefinitions.HooverStepDefinitions.the_hoover_should_have_cleaned_patch_of_dirt(HooverStepDefinitions.java:69)
	at ✽.the hoover should have cleaned 0 patches of dirt(file:///C:/Users/Elaman/OneDrive/Desktop/JAVA/untitled1/src/test/resources/features/hoover.feature:66)
]]></failure>
    <system-out><![CDATA[Response Body: {"coords":[1,0],"patches":3}
]]></system-out>
  </testcase>
  <testcase name="Hoover starts on a dirt patch and cleans it immediately" classname="Hoover navigation and cleaning" time="0.05">
    <system-out><![CDATA[Response Body: {"coords":[2,3],"patches":1}
]]></system-out>
  </testcase>
  <testcase name="Hoover starts outside the room" classname="Hoover navigation and cleaning" time="0.042">
    <failure message="1 expectation failed.&#10;Expected status code &lt;400&gt; but was &lt;200&gt;.&#10;" type="java.lang.AssertionError"><![CDATA[java.lang.AssertionError: 
1 expectation failed.
Expected status code <400> but was <200>.

	at java.base/java.lang.reflect.Constructor.newInstance(Constructor.java:490)
	at org.codehaus.groovy.reflection.CachedConstructor.invoke(CachedConstructor.java:72)
	at org.codehaus.groovy.reflection.CachedConstructor.doConstructorInvoke(CachedConstructor.java:59)
	at org.codehaus.groovy.runtime.callsite.ConstructorSite$ConstructorSiteNoUnwrap.callConstructor(ConstructorSite.java:84)
	at org.codehaus.groovy.runtime.callsite.CallSiteArray.defaultCallConstructor(CallSiteArray.java:59)
	at org.codehaus.groovy.runtime.callsite.AbstractCallSite.callConstructor(AbstractCallSite.java:263)
	at org.codehaus.groovy.runtime.callsite.AbstractCallSite.callConstructor(AbstractCallSite.java:277)
	at io.restassured.internal.ResponseSpecificationImpl$HamcrestAssertionClosure.validate(ResponseSpecificationImpl.groovy:493)
	at io.restassured.internal.ResponseSpecificationImpl$HamcrestAssertionClosure$validate$1.call(Unknown Source)
	at io.restassured.internal.ResponseSpecificationImpl.validateResponseIfRequired(ResponseSpecificationImpl.groovy:674)
	at java.base/java.lang.reflect.Method.invoke(Method.java:566)
	at org.codehaus.groovy.runtime.callsite.PlainObjectMetaMethodSite.doInvoke(PlainObjectMetaMethodSite.java:43)
	at org.codehaus.groovy.runtime.callsite.PogoMetaMethodSite$PogoCachedMethodSiteNoUnwrapNoCoerce.invoke(PogoMetaMethodSite.java:193)
	at org.codehaus.groovy.runtime.callsite.PogoMetaMethodSite.callCurrent(PogoMetaMethodSite.java:61)
	at org.codehaus.groovy.runtime.callsite.AbstractCallSite.callCurrent(AbstractCallSite.java:185)
	at io.restassured.internal.ResponseSpecificationImpl.statusCode(ResponseSpecificationImpl.groovy:126)
	at io.restassured.specification.ResponseSpecification$statusCode$0.callCurrent(Unknown Source)
	at io.restassured.internal.ResponseSpecificationImpl.statusCode(ResponseSpecificationImpl.groovy:134)
	at io.restassured.internal.ValidatableResponseOptionsImpl.statusCode(ValidatableResponseOptionsImpl.java:89)
	at io.restassured.internal.ValidatableResponseImpl.super$2$statusCode(ValidatableResponseImpl.groovy)
	at java.base/java.lang.reflect.Method.invoke(Method.java:566)
	at org.codehaus.groovy.reflection.CachedMethod.invoke(CachedMethod.java:107)
	at groovy.lang.MetaMethod.doMethodInvoke(MetaMethod.java:323)
	at groovy.lang.MetaClassImpl.invokeMethod(MetaClassImpl.java:1268)
	at org.codehaus.groovy.runtime.ScriptBytecodeAdapter.invokeMethodOnSuperN(ScriptBytecodeAdapter.java:144)
	at io.restassured.internal.ValidatableResponseImpl.statusCode(ValidatableResponseImpl.groovy:142)
	at io.restassured.internal.ValidatableResponseImpl.statusCode(ValidatableResponseImpl.groovy)
	at stepDefinitions.HooverStepDefinitions.the_system_should_return_an_error(HooverStepDefinitions.java:42)
	at ✽.the system should return an error(file:///C:/Users/Elaman/OneDrive/Desktop/JAVA/untitled1/src/test/resources/features/hoover.feature:85)
]]></failure>
    <system-out><![CDATA[Response Body: {"coords":[6,6],"patches":1}
]]></system-out>
  </testcase>
  <testcase name="Hoover does not receive any movement instructions" classname="Hoover navigation and cleaning" time="0.05">
    <system-out><![CDATA[Response Body: {"coords":[1,1],"patches":0}
]]></system-out>
  </testcase>
  <testcase name="Hoover receives a single instruction" classname="Hoover navigation and cleaning" time="0.043">
    <system-out><![CDATA[Response Body: {"coords":[2,3],"patches":1}
]]></system-out>
  </testcase>
  <testcase name="Hoover encounters multiple dirt patches at the same location but cleans only once" classname="Hoover navigation and cleaning" time="0.053">
    <failure message="expected: &lt;1&gt; but was: &lt;2&gt;" type="org.opentest4j.AssertionFailedError"><![CDATA[org.opentest4j.AssertionFailedError: expected: <1> but was: <2>
	at stepDefinitions.HooverStepDefinitions.the_hoover_should_have_cleaned_patch_of_dirt(HooverStepDefinitions.java:69)
	at ✽.the hoover should have cleaned 1 patches of dirt(file:///C:/Users/Elaman/OneDrive/Desktop/JAVA/untitled1/src/test/resources/features/hoover.feature:117)
]]></failure>
    <system-out><![CDATA[Response Body: {"coords":[1,1],"patches":2}
]]></system-out>
  </testcase>
  <testcase name="Hoover starts on a dirt patch but doesn&apos;t clean it" classname="Hoover navigation and cleaning" time="0.055">
    <failure message="expected: &lt;0&gt; but was: &lt;1&gt;" type="org.opentest4j.AssertionFailedError"><![CDATA[org.opentest4j.AssertionFailedError: expected: <0> but was: <1>
	at stepDefinitions.HooverStepDefinitions.the_hoover_should_have_cleaned_patch_of_dirt(HooverStepDefinitions.java:69)
	at ✽.the hoover should have cleaned 0 patches of dirt(file:///C:/Users/Elaman/OneDrive/Desktop/JAVA/untitled1/src/test/resources/features/hoover.feature:128)
]]></failure>
    <system-out><![CDATA[Response Body: {"coords":[1,2],"patches":1}
]]></system-out>
  </testcase>
  <testcase name="Clean dirt patches and reach the final position" classname="Hoover navigation and cleaning" time="0.054">
    <system-out><![CDATA[Response Body: {"coords":[1,3],"patches":1}
]]></system-out>
  </testcase>
  <testcase name="Hoover in a large room with many dirt patches" classname="Hoover navigation and cleaning" time="0.049">
    <system-out><![CDATA[Response Body: {"coords":[8,8],"patches":3}
]]></system-out>
  </testcase>
  <testcase name="Hoover moves within bounds and clean all patches" classname="Hoover navigation and cleaning" time="0.076">
    <failure message="expected: &lt;9&gt; but was: &lt;8&gt;" type="org.opentest4j.AssertionFailedError"><![CDATA[org.opentest4j.AssertionFailedError: expected: <9> but was: <8>
	at stepDefinitions.HooverStepDefinitions.the_hoover_should_have_cleaned_patch_of_dirt(HooverStepDefinitions.java:69)
	at ✽.the hoover should have cleaned 9 patches of dirt(file:///C:/Users/Elaman/OneDrive/Desktop/JAVA/untitled1/src/test/resources/features/hoover.feature:170)
]]></failure>
    <system-out><![CDATA[Response Body: {"coords":[2,2],"patches":8}
]]></system-out>
  </testcase>
</testsuite>